[build] Using Go: go version go1.22.10 windows/amd64
[build] 
============================================================
[build] 版本号一致性检查（期望: 0.7.0）
[build] ============================================================
[build] Updating api (branch: master) ...
[build] $ git fetch origin master
  From https://github.com/hujiali30001/freecdn-api
   * branch              master     -> FETCH_HEAD
     38a9c47c..12f378f0  master     -> origin/master
[build] $ git reset --hard FETCH_HEAD
  HEAD is now at 12f378f0 chore: bump version to 0.7.0 (stage B)
[build] Updating node (branch: master) ...
[build] $ git fetch origin master
  From https://github.com/hujiali30001/freecdn-node
   * branch            master     -> FETCH_HEAD
     42025de..3eb7721  master     -> origin/master
[build] $ git reset --hard FETCH_HEAD
  HEAD is now at 3eb7721 chore: bump version to 0.7.0 (stage B)
[build]   [OK]  freecdn-admin: Version = "0.7.0" OK
[build]   [OK]  freecdn-api: Version = "0.7.0" OK
[build]   [OK]  freecdn-node: Version = "0.7.0" OK
[build] 版本号一致性检查通过 [PASS]
[build] 
============================================================
[build] Building amd64 ...
[build] ============================================================
[build] Using local admin repo: C:\Users\Administrator\.workbuddy\FreeCDN
[build] Updating api (branch: master) ...
[build] $ git fetch origin master
  From https://github.com/hujiali30001/freecdn-api
   * branch              master     -> FETCH_HEAD
[build] $ git reset --hard FETCH_HEAD
  HEAD is now at 12f378f0 chore: bump version to 0.7.0 (stage B)
[build] Updating node (branch: master) ...
[build] $ git fetch origin master
  From https://github.com/hujiali30001/freecdn-node
   * branch            master     -> FETCH_HEAD
[build] $ git reset --hard FETCH_HEAD
  HEAD is now at 3eb7721 chore: bump version to 0.7.0 (stage B)
[build] 
-- Compiling edge-admin (amd64) --
[build] $ C:\Go_temp\go\bin\go.exe mod download
[build] $ C:\Go_temp\go\bin\go.exe build -trimpath -ldflags=-s -w -o C:\Users\Administrator\.workbuddy\FreeCDN\dist\build\amd64\bin\edge-admin ./cmd/edge-admin
[build]   -> C:\Users\Administrator\.workbuddy\FreeCDN\dist\build\amd64\bin\edge-admin (40.1 MB)
[build] 
-- Compiling edge-api (amd64) --
[build] $ C:\Go_temp\go\bin\go.exe mod download
[build] $ C:\Go_temp\go\bin\go.exe build -trimpath -ldflags=-s -w -o C:\Users\Administrator\.workbuddy\FreeCDN\dist\build\amd64\bin\edge-api ./cmd/edge-api
[build]   -> C:\Users\Administrator\.workbuddy\FreeCDN\dist\build\amd64\bin\edge-api (49.5 MB)
[build] 
-- Compiling edge-node (amd64) via WSL (CGO) --
[build] [WSL] Updating node in /tmp/freecdn-src/node ...
  From https://github.com/hujiali30001/freecdn-node
   * branch              master     -> FETCH_HEAD
     42025deb..3eb7721a  master     -> origin/master
  HEAD is now at 3eb7721a chore: bump version to 0.7.0 (stage B)
[build] [WSL] $ export PATH=/usr/local/go/bin:/usr/local/sbin:/usr/local/bin:/usr/sbin:/usr/bin:/sbin:/bin; export HTTPS_PROXY=http://172.24.208.1:4780 HTTP_PROXY=http://172.24.208.1:4780; export GOPROXY=https://proxy.golang.org,direct; export GOFLAGS=-mod=mod; export GOOS=linux GOARCH=amd64 CGO_ENABLED=1;  cd '/tmp/freecdn-src/node' && go mod download && go build -trimpath -ldflags='-s -w' -o '/mnt/c/Users/Administrator/.workbuddy/FreeCDN/dist/build/amd64/bin/edge-node' ./cmd/edge-node
[build]   -> C:\Users\Administrator\.workbuddy\FreeCDN\dist\build\amd64\bin\edge-node (36.5 MB)
[build] 
-- Assembling package freecdn-v0.7.0-linux-amd64 --
[build]   Copied web/
[build]   edge-node zip: edge-node-linux-amd64-v0.7.0.zip
[build] 
Creating C:\Users\Administrator\.workbuddy\FreeCDN\dist\build\freecdn-v0.7.0-linux-amd64.tar.gz
[build] Done: freecdn-v0.7.0-linux-amd64.tar.gz (43.0 MB)
[build] 
============================================================
[build] Building arm64 ...
[build] ============================================================
[build] Using local admin repo: C:\Users\Administrator\.workbuddy\FreeCDN
[build] Updating api (branch: master) ...
[build] $ git fetch origin master
  From https://github.com/hujiali30001/freecdn-api
   * branch              master     -> FETCH_HEAD
[build] $ git reset --hard FETCH_HEAD
  HEAD is now at 12f378f0 chore: bump version to 0.7.0 (stage B)
[build] Updating node (branch: master) ...
[build] $ git fetch origin master
  From https://github.com/hujiali30001/freecdn-node
   * branch            master     -> FETCH_HEAD
[build] $ git reset --hard FETCH_HEAD
  HEAD is now at 3eb7721 chore: bump version to 0.7.0 (stage B)
[build] 
-- Compiling edge-admin (arm64) --
[build] $ C:\Go_temp\go\bin\go.exe mod download
[build] $ C:\Go_temp\go\bin\go.exe build -trimpath -ldflags=-s -w -o C:\Users\Administrator\.workbuddy\FreeCDN\dist\build\arm64\bin\edge-admin ./cmd/edge-admin
[build]   -> C:\Users\Administrator\.workbuddy\FreeCDN\dist\build\arm64\bin\edge-admin (39.6 MB)
[build] 
-- Compiling edge-api (arm64) --
[build] $ C:\Go_temp\go\bin\go.exe mod download
[build] $ C:\Go_temp\go\bin\go.exe build -trimpath -ldflags=-s -w -o C:\Users\Administrator\.workbuddy\FreeCDN\dist\build\arm64\bin\edge-api ./cmd/edge-api
[build]   -> C:\Users\Administrator\.workbuddy\FreeCDN\dist\build\arm64\bin\edge-api (48.5 MB)
[build] 
-- Compiling edge-node (arm64) via WSL (CGO) --
[build] [WSL] Updating node in /tmp/freecdn-src/node ...
  From https://github.com/hujiali30001/freecdn-node
   * branch              master     -> FETCH_HEAD
  HEAD is now at 3eb7721a chore: bump version to 0.7.0 (stage B)
[build] [WSL] $ export PATH=/usr/local/go/bin:/usr/local/sbin:/usr/local/bin:/usr/sbin:/usr/bin:/sbin:/bin; export HTTPS_PROXY=http://172.24.208.1:4780 HTTP_PROXY=http://172.24.208.1:4780; export GOPROXY=https://proxy.golang.org,direct; export GOFLAGS=-mod=mod; export GOOS=linux GOARCH=arm64 CGO_ENABLED=1; export CC=aarch64-linux-gnu-gcc; cd '/tmp/freecdn-src/node' && go mod download && go build -trimpath -ldflags='-s -w' -o '/mnt/c/Users/Administrator/.workbuddy/FreeCDN/dist/build/arm64/bin/edge-node' ./cmd/edge-node
[build]   -> C:\Users\Administrator\.workbuddy\FreeCDN\dist\build\arm64\bin\edge-node (35.3 MB)
[build] 
-- Assembling package freecdn-v0.7.0-linux-arm64 --
[build]   Copied web/
[build]   edge-node zip: edge-node-linux-arm64-v0.7.0.zip
[build] 
Creating C:\Users\Administrator\.workbuddy\FreeCDN\dist\build\freecdn-v0.7.0-linux-arm64.tar.gz
[build] Done: freecdn-v0.7.0-linux-arm64.tar.gz (40.6 MB)
[build] SHA256 freecdn-v0.7.0-linux-amd64.tar.gz: 177fb65e18c981e02c9fec3e59a35efbd19d5ecb6a56ddeef6ba7c46de69ffd5
[build] SHA256 freecdn-v0.7.0-linux-arm64.tar.gz: 9c86678673d7c4cb2272602077ee07c0fc5d7b2fc23a0396a5ba79affe327a42
[build] Creating release v0.7.0 ...
[build] Created release: 297651603
[build] Uploading freecdn-v0.7.0-linux-amd64.tar.gz (43.0 MB)
[build]   -> https://github.com/hujiali30001/freecdn-admin/releases/download/v0.7.0/freecdn-v0.7.0-linux-amd64.tar.gz
[build] Uploading freecdn-v0.7.0-linux-arm64.tar.gz (40.6 MB)
[build]   -> https://github.com/hujiali30001/freecdn-admin/releases/download/v0.7.0/freecdn-v0.7.0-linux-arm64.tar.gz
[build] Uploading SHA256SUMS (0.0 MB)
[build]   -> https://github.com/hujiali30001/freecdn-admin/releases/download/v0.7.0/SHA256SUMS
[build] 
=== All done! ===
[build] Release: https://github.com/hujiali30001/freecdn-admin/releases/tag/v0.7.0
